<?xml version="1.0" encoding="UTF-8"?>
<!-- Generated by org.testng.reporters.JUnitReportReporter -->
<testsuite hostname="DESKTOP-1FJC9IP" failures="0" tests="4" name="com.bridgelabz.qa.DB.DB_Test" time="1.021" errors="0" timestamp="2022-08-06T16:26:30 IST" skipped="0">
  <testcase classname="com.bridgelabz.qa.DB.DB_Test" name="getTableData" time="0.180"/>
  <system-out/>
  <testcase classname="com.bridgelabz.qa.DB.DB_Test" name="insertData" time="0.320"/>
  <system-out/>
  <testcase classname="com.bridgelabz.qa.DB.DB_Test" name="updateData" time="0.235"/>
  <system-out/>
  <testcase classname="com.bridgelabz.qa.DB.DB_Test" name="deleteData" time="0.286"/>
  <system-out/>
</testsuite> <!-- com.bridgelabz.qa.DB.DB_Test -->
