<?xml version="1.0" encoding="UTF-8"?>
<!-- Generated by org.testng.reporters.JUnitReportReporter -->
<testsuite hostname="DESKTOP-1FJC9IP" failures="0" tests="1" name="com.bridgelabz.qa.DB.DB_Testing" time="0.013" errors="0" timestamp="2022-08-04T00:10:53 IST" skipped="0">
  <testcase classname="com.bridgelabz.qa.DB.DB_Testing" name="test" time="0.013"/>
  <system-out/>
</testsuite> <!-- com.bridgelabz.qa.DB.DB_Testing -->
